[ 2017-04-07T09:34:58+08:00 ] 127.0.0.1 127.0.0.1 GET /public/
[ log ] boke.cn/public/ [运行时间：0.066004s][吞吐率：15.15req/s] [内存消耗：1,267.80kb] [文件加载：38]
[ info ] [ LANG ] D:\phpStudy\WWW\boke\thinkphp\lang\zh-cn.php
[ info ] [ ROUTE ] array (
  'type' => 'module',
  'module' => 
  array (
    0 => '',
    1 => NULL,
    2 => NULL,
  ),
)
[ info ] [ HEADER ] array (
  'cookie' => 'pgv_pvi=6964442112; Hm_lvt_080836300300be57b7f34f4b3e97d911=1490232085,1490318455,1490335152,1490576713',
  'accept-language' => 'zh-CN,zh;q=0.8',
  'accept-encoding' => 'gzip, deflate, sdch',
  'referer' => 'http://boke.cn/',
  'accept' => 'text/html,application/xhtml+xml,application/xml;q=0.9,image/webp,*/*;q=0.8',
  'user-agent' => 'Mozilla/5.0 (Windows NT 6.1; WOW64) AppleWebKit/537.36 (KHTML, like Gecko) Chrome/56.0.2924.87 Safari/537.36',
  'upgrade-insecure-requests' => '1',
  'connection' => 'close',
  'host' => 'boke.cn',
)
[ info ] [ PARAM ] array (
)
[ info ] [ RUN ] app\index\controller\Index->index[ D:\phpStudy\WWW\boke\application\index\controller\Index.php ]
[ info ] [ LOG ] INIT File

---------------------------------------------------------------
[ 2017-04-07T09:35:50+08:00 ] 127.0.0.1 127.0.0.1 GET /public/index.php/index/index
[ log ] boke.cn/public/index.php/index/index [运行时间：0.044602s][吞吐率：22.42req/s] [内存消耗：1,267.79kb] [文件加载：38]
[ info ] [ LANG ] D:\phpStudy\WWW\boke\thinkphp\lang\zh-cn.php
[ info ] [ ROUTE ] array (
  'type' => 'module',
  'module' => 
  array (
    0 => 'index',
    1 => 'index',
    2 => NULL,
  ),
)
[ info ] [ HEADER ] array (
  'cookie' => 'pgv_pvi=6964442112; Hm_lvt_080836300300be57b7f34f4b3e97d911=1490232085,1490318455,1490335152,1490576713; pgv_si=s2759841792',
  'accept-language' => 'zh-CN,zh;q=0.8',
  'accept-encoding' => 'gzip, deflate, sdch',
  'accept' => 'text/html,application/xhtml+xml,application/xml;q=0.9,image/webp,*/*;q=0.8',
  'user-agent' => 'Mozilla/5.0 (Windows NT 6.1; WOW64) AppleWebKit/537.36 (KHTML, like Gecko) Chrome/56.0.2924.87 Safari/537.36',
  'upgrade-insecure-requests' => '1',
  'connection' => 'close',
  'host' => 'boke.cn',
)
[ info ] [ PARAM ] array (
)
[ info ] [ RUN ] app\index\controller\Index->index[ D:\phpStudy\WWW\boke\application\index\controller\Index.php ]
[ info ] [ LOG ] INIT File

---------------------------------------------------------------
[ 2017-04-07T09:36:00+08:00 ] 127.0.0.1 127.0.0.1 GET /public/index.php/index
[ log ] boke.cn/public/index.php/index [运行时间：0.047602s][吞吐率：21.01req/s] [内存消耗：1,267.74kb] [文件加载：38]
[ info ] [ LANG ] D:\phpStudy\WWW\boke\thinkphp\lang\zh-cn.php
[ info ] [ ROUTE ] array (
  'type' => 'module',
  'module' => 
  array (
    0 => 'index',
    1 => NULL,
    2 => NULL,
  ),
)
[ info ] [ HEADER ] array (
  'cookie' => 'pgv_pvi=6964442112; Hm_lvt_080836300300be57b7f34f4b3e97d911=1490232085,1490318455,1490335152,1490576713; pgv_si=s2759841792',
  'accept-language' => 'zh-CN,zh;q=0.8',
  'accept-encoding' => 'gzip, deflate, sdch',
  'accept' => 'text/html,application/xhtml+xml,application/xml;q=0.9,image/webp,*/*;q=0.8',
  'user-agent' => 'Mozilla/5.0 (Windows NT 6.1; WOW64) AppleWebKit/537.36 (KHTML, like Gecko) Chrome/56.0.2924.87 Safari/537.36',
  'upgrade-insecure-requests' => '1',
  'connection' => 'close',
  'host' => 'boke.cn',
)
[ info ] [ PARAM ] array (
)
[ info ] [ RUN ] app\index\controller\Index->index[ D:\phpStudy\WWW\boke\application\index\controller\Index.php ]
[ info ] [ LOG ] INIT File

---------------------------------------------------------------
[ 2017-04-07T09:36:09+08:00 ] 127.0.0.1 127.0.0.1 GET /public/index.php
[ log ] boke.cn/public/index.php [运行时间：0.043602s][吞吐率：22.93req/s] [内存消耗：1,267.64kb] [文件加载：38]
[ info ] [ LANG ] D:\phpStudy\WWW\boke\thinkphp\lang\zh-cn.php
[ info ] [ ROUTE ] array (
  'type' => 'module',
  'module' => 
  array (
    0 => '',
    1 => NULL,
    2 => NULL,
  ),
)
[ info ] [ HEADER ] array (
  'cookie' => 'pgv_pvi=6964442112; Hm_lvt_080836300300be57b7f34f4b3e97d911=1490232085,1490318455,1490335152,1490576713; pgv_si=s2759841792',
  'accept-language' => 'zh-CN,zh;q=0.8',
  'accept-encoding' => 'gzip, deflate, sdch',
  'accept' => 'text/html,application/xhtml+xml,application/xml;q=0.9,image/webp,*/*;q=0.8',
  'user-agent' => 'Mozilla/5.0 (Windows NT 6.1; WOW64) AppleWebKit/537.36 (KHTML, like Gecko) Chrome/56.0.2924.87 Safari/537.36',
  'upgrade-insecure-requests' => '1',
  'connection' => 'close',
  'host' => 'boke.cn',
)
[ info ] [ PARAM ] array (
)
[ info ] [ RUN ] app\index\controller\Index->index[ D:\phpStudy\WWW\boke\application\index\controller\Index.php ]
[ info ] [ LOG ] INIT File

---------------------------------------------------------------
[ 2017-04-07T09:37:04+08:00 ] 127.0.0.1 127.0.0.1 GET /public/index.php/admin
[ log ] boke.cn/public/index.php/admin [运行时间：0.101605s][吞吐率：9.84req/s] [内存消耗：1,587.71kb] [文件加载：46]
[ info ] [ LANG ] D:\phpStudy\WWW\boke\thinkphp\lang\zh-cn.php
[ info ] [ ROUTE ] array (
  'type' => 'module',
  'module' => 
  array (
    0 => 'admin',
    1 => NULL,
    2 => NULL,
  ),
)
[ info ] [ HEADER ] array (
  'cookie' => 'pgv_pvi=6964442112; Hm_lvt_080836300300be57b7f34f4b3e97d911=1490232085,1490318455,1490335152,1490576713; pgv_si=s2759841792',
  'accept-language' => 'zh-CN,zh;q=0.8',
  'accept-encoding' => 'gzip, deflate, sdch',
  'accept' => 'text/html,application/xhtml+xml,application/xml;q=0.9,image/webp,*/*;q=0.8',
  'user-agent' => 'Mozilla/5.0 (Windows NT 6.1; WOW64) AppleWebKit/537.36 (KHTML, like Gecko) Chrome/56.0.2924.87 Safari/537.36',
  'upgrade-insecure-requests' => '1',
  'connection' => 'close',
  'host' => 'boke.cn',
)
[ info ] [ PARAM ] array (
)
[ info ] [ RUN ] app\admin\controller\Index->index[ D:\phpStudy\WWW\boke\application\admin\controller\Index.php ]
[ info ] [ VIEW ] D:\phpStudy\WWW\boke\public/../application/admin\view\index\index.html [ array (
) ]
[ info ] [ LOG ] INIT File

---------------------------------------------------------------
[ 2017-04-07T09:37:12+08:00 ] 127.0.0.1 127.0.0.1 GET /public/index.php/admin/index
[ log ] boke.cn/public/index.php/admin/index [运行时间：0.075604s][吞吐率：13.23req/s] [内存消耗：1,587.82kb] [文件加载：46]
[ info ] [ LANG ] D:\phpStudy\WWW\boke\thinkphp\lang\zh-cn.php
[ info ] [ ROUTE ] array (
  'type' => 'module',
  'module' => 
  array (
    0 => 'admin',
    1 => 'index',
    2 => NULL,
  ),
)
[ info ] [ HEADER ] array (
  'cookie' => 'pgv_pvi=6964442112; pgv_si=s2759841792; Hm_lvt_080836300300be57b7f34f4b3e97d911=1490318455,1490335152,1490576713,1491529025; Hm_lpvt_080836300300be57b7f34f4b3e97d911=1491529025',
  'accept-language' => 'zh-CN,zh;q=0.8',
  'accept-encoding' => 'gzip, deflate, sdch',
  'accept' => 'text/html,application/xhtml+xml,application/xml;q=0.9,image/webp,*/*;q=0.8',
  'user-agent' => 'Mozilla/5.0 (Windows NT 6.1; WOW64) AppleWebKit/537.36 (KHTML, like Gecko) Chrome/56.0.2924.87 Safari/537.36',
  'upgrade-insecure-requests' => '1',
  'connection' => 'close',
  'host' => 'boke.cn',
)
[ info ] [ PARAM ] array (
)
[ info ] [ RUN ] app\admin\controller\Index->index[ D:\phpStudy\WWW\boke\application\admin\controller\Index.php ]
[ info ] [ VIEW ] D:\phpStudy\WWW\boke\public/../application/admin\view\index\index.html [ array (
) ]
[ info ] [ LOG ] INIT File

---------------------------------------------------------------
