[ 2017-03-27T09:05:12+08:00 ] 127.0.0.1 127.0.0.1 GET /index.php/admin
[ log ] boke.cn/index.php/admin [运行时间：0.087005s][吞吐率：11.49req/s] [内存消耗：1,587.77kb] [文件加载：46]
[ info ] [ LANG ] D:\phpStudy\WWW\boke\thinkphp\lang\zh-cn.php
[ info ] [ ROUTE ] array (
  'type' => 'module',
  'module' => 
  array (
    0 => 'admin',
    1 => NULL,
    2 => NULL,
  ),
)
[ info ] [ HEADER ] array (
  'cookie' => 'pgv_pvi=6964442112; Hm_lvt_080836300300be57b7f34f4b3e97d911=1490144198,1490232085,1490318455,1490335152',
  'accept-language' => 'zh-CN,zh;q=0.8',
  'accept-encoding' => 'gzip, deflate, sdch',
  'accept' => 'text/html,application/xhtml+xml,application/xml;q=0.9,image/webp,*/*;q=0.8',
  'user-agent' => 'Mozilla/5.0 (Windows NT 6.1; WOW64) AppleWebKit/537.36 (KHTML, like Gecko) Chrome/56.0.2924.87 Safari/537.36',
  'upgrade-insecure-requests' => '1',
  'cache-control' => 'max-age=0',
  'connection' => 'close',
  'host' => 'boke.cn',
)
[ info ] [ PARAM ] array (
)
[ info ] [ RUN ] app\admin\controller\Index->index[ D:\phpStudy\WWW\boke\application\admin\controller\Index.php ]
[ info ] [ VIEW ] D:\phpStudy\WWW\boke\public/../application/admin\view\index\index.html [ array (
) ]
[ info ] [ LOG ] INIT File

---------------------------------------------------------------
[ 2017-03-27T09:05:15+08:00 ] 127.0.0.1 127.0.0.1 GET /index.php/admin/article/article_list.html
[ log ] boke.cn/index.php/admin/article/article_list.html [运行时间：0.165009s][吞吐率：6.06req/s] [内存消耗：2,652.49kb] [文件加载：58]
[ info ] [ LANG ] D:\phpStudy\WWW\boke\thinkphp\lang\zh-cn.php
[ info ] [ ROUTE ] array (
  'type' => 'module',
  'module' => 
  array (
    0 => 'admin',
    1 => 'article',
    2 => 'article_list',
  ),
)
[ info ] [ HEADER ] array (
  'cookie' => 'pgv_pvi=6964442112; Hm_lvt_080836300300be57b7f34f4b3e97d911=1490232085,1490318455,1490335152,1490576713; Hm_lpvt_080836300300be57b7f34f4b3e97d911=1490576713',
  'accept-language' => 'zh-CN,zh;q=0.8',
  'accept-encoding' => 'gzip, deflate, sdch',
  'referer' => 'http://boke.cn/index.php/admin',
  'accept' => 'text/html,application/xhtml+xml,application/xml;q=0.9,image/webp,*/*;q=0.8',
  'user-agent' => 'Mozilla/5.0 (Windows NT 6.1; WOW64) AppleWebKit/537.36 (KHTML, like Gecko) Chrome/56.0.2924.87 Safari/537.36',
  'upgrade-insecure-requests' => '1',
  'connection' => 'close',
  'host' => 'boke.cn',
)
[ info ] [ PARAM ] array (
)
[ info ] [ RUN ] app\admin\controller\Article->article_list[ D:\phpStudy\WWW\boke\application\admin\controller\Article.php ]
[ info ] [ DB ] INIT mysql
[ info ] [ VIEW ] D:\phpStudy\WWW\boke\public/../application/admin\view\article\article_list.html [ array (
  0 => 'cated',
  1 => 'data',
  2 => 'count',
  3 => 'page',
) ]
[ info ] [ LOG ] INIT File
[ sql ] [ DB ] CONNECT:[ UseTime:0.004000s ] mysql:dbname=tpbo;host=127.0.0.1;port=3306;charset=utf8
[ sql ] [ SQL ] SHOW COLUMNS FROM `bo_category` [ RunTime:0.013000s ]
[ sql ] [ SQL ] SELECT *,concat(path,id) as paths FROM `bo_category` ORDER BY paths desc [ RunTime:0.001000s ]
[ sql ] [ SQL ] SHOW COLUMNS FROM `bo_article` [ RunTime:0.013001s ]
[ sql ] [ SQL ] SELECT count(*) as count FROM `bo_article` [ RunTime:0.000000s ]
[ sql ] [ SQL ] SELECT COUNT(*) AS tp_count FROM `bo_article` `a` INNER JOIN `bo_category` `c` ON `a`.`cate_id`=`c`.`id` LIMIT 1 [ RunTime:0.002000s ]
[ sql ] [ SQL ] SELECT `a`.`id`,`a`.`title`,`a`.`create_time`,`a`.`author`,`c`.`name` FROM `bo_article` `a` INNER JOIN `bo_category` `c` ON `a`.`cate_id`=`c`.`id` LIMIT 0,3 [ RunTime:0.000000s ]

---------------------------------------------------------------
[ 2017-03-27T09:05:20+08:00 ] 127.0.0.1 127.0.0.1 GET /index.php/admin/article/article_list.html
[ log ] boke.cn/index.php/admin/article/article_list.html [运行时间：0.162608s][吞吐率：6.15req/s] [内存消耗：2,652.50kb] [文件加载：58]
[ info ] [ LANG ] D:\phpStudy\WWW\boke\thinkphp\lang\zh-cn.php
[ info ] [ ROUTE ] array (
  'type' => 'module',
  'module' => 
  array (
    0 => 'admin',
    1 => 'article',
    2 => 'article_list',
  ),
)
[ info ] [ HEADER ] array (
  'cookie' => 'pgv_pvi=6964442112; Hm_lvt_080836300300be57b7f34f4b3e97d911=1490232085,1490318455,1490335152,1490576713; Hm_lpvt_080836300300be57b7f34f4b3e97d911=1490576713',
  'accept-language' => 'zh-CN,zh;q=0.8',
  'accept-encoding' => 'gzip, deflate, sdch',
  'referer' => 'http://boke.cn/index.php/admin',
  'accept' => 'text/html,application/xhtml+xml,application/xml;q=0.9,image/webp,*/*;q=0.8',
  'user-agent' => 'Mozilla/5.0 (Windows NT 6.1; WOW64) AppleWebKit/537.36 (KHTML, like Gecko) Chrome/56.0.2924.87 Safari/537.36',
  'upgrade-insecure-requests' => '1',
  'cache-control' => 'max-age=0',
  'connection' => 'close',
  'host' => 'boke.cn',
)
[ info ] [ PARAM ] array (
)
[ info ] [ RUN ] app\admin\controller\Article->article_list[ D:\phpStudy\WWW\boke\application\admin\controller\Article.php ]
[ info ] [ DB ] INIT mysql
[ info ] [ VIEW ] D:\phpStudy\WWW\boke\public/../application/admin\view\article\article_list.html [ array (
  0 => 'cated',
  1 => 'data',
  2 => 'count',
  3 => 'page',
) ]
[ info ] [ LOG ] INIT File
[ sql ] [ DB ] CONNECT:[ UseTime:0.010000s ] mysql:dbname=tpbo;host=127.0.0.1;port=3306;charset=utf8
[ sql ] [ SQL ] SHOW COLUMNS FROM `bo_category` [ RunTime:0.012001s ]
[ sql ] [ SQL ] SELECT *,concat(path,id) as paths FROM `bo_category` ORDER BY paths desc [ RunTime:0.001000s ]
[ sql ] [ SQL ] SHOW COLUMNS FROM `bo_article` [ RunTime:0.010000s ]
[ sql ] [ SQL ] SELECT count(*) as count FROM `bo_article` [ RunTime:0.001000s ]
[ sql ] [ SQL ] SELECT COUNT(*) AS tp_count FROM `bo_article` `a` INNER JOIN `bo_category` `c` ON `a`.`cate_id`=`c`.`id` LIMIT 1 [ RunTime:0.001000s ]
[ sql ] [ SQL ] SELECT `a`.`id`,`a`.`title`,`a`.`create_time`,`a`.`author`,`c`.`name` FROM `bo_article` `a` INNER JOIN `bo_category` `c` ON `a`.`cate_id`=`c`.`id` LIMIT 0,3 [ RunTime:0.000000s ]

---------------------------------------------------------------
[ 2017-03-27T09:05:43+08:00 ] 127.0.0.1 127.0.0.1 GET /index.php/admin/article/article_list.html
[ log ] boke.cn/index.php/admin/article/article_list.html [运行时间：0.143008s][吞吐率：6.99req/s] [内存消耗：2,652.50kb] [文件加载：58]
[ info ] [ LANG ] D:\phpStudy\WWW\boke\thinkphp\lang\zh-cn.php
[ info ] [ ROUTE ] array (
  'type' => 'module',
  'module' => 
  array (
    0 => 'admin',
    1 => 'article',
    2 => 'article_list',
  ),
)
[ info ] [ HEADER ] array (
  'cookie' => 'pgv_pvi=6964442112; Hm_lvt_080836300300be57b7f34f4b3e97d911=1490232085,1490318455,1490335152,1490576713; Hm_lpvt_080836300300be57b7f34f4b3e97d911=1490576713',
  'accept-language' => 'zh-CN,zh;q=0.8',
  'accept-encoding' => 'gzip, deflate, sdch',
  'referer' => 'http://boke.cn/index.php/admin',
  'accept' => 'text/html,application/xhtml+xml,application/xml;q=0.9,image/webp,*/*;q=0.8',
  'user-agent' => 'Mozilla/5.0 (Windows NT 6.1; WOW64) AppleWebKit/537.36 (KHTML, like Gecko) Chrome/56.0.2924.87 Safari/537.36',
  'upgrade-insecure-requests' => '1',
  'cache-control' => 'max-age=0',
  'connection' => 'close',
  'host' => 'boke.cn',
)
[ info ] [ PARAM ] array (
)
[ info ] [ RUN ] app\admin\controller\Article->article_list[ D:\phpStudy\WWW\boke\application\admin\controller\Article.php ]
[ info ] [ DB ] INIT mysql
[ info ] [ VIEW ] D:\phpStudy\WWW\boke\public/../application/admin\view\article\article_list.html [ array (
  0 => 'cated',
  1 => 'data',
  2 => 'count',
  3 => 'page',
) ]
[ info ] [ LOG ] INIT File
[ sql ] [ DB ] CONNECT:[ UseTime:0.001000s ] mysql:dbname=tpbo;host=127.0.0.1;port=3306;charset=utf8
[ sql ] [ SQL ] SHOW COLUMNS FROM `bo_category` [ RunTime:0.010001s ]
[ sql ] [ SQL ] SELECT *,concat(path,id) as paths FROM `bo_category` ORDER BY paths desc [ RunTime:0.000000s ]
[ sql ] [ SQL ] SHOW COLUMNS FROM `bo_article` [ RunTime:0.011001s ]
[ sql ] [ SQL ] SELECT count(*) as count FROM `bo_article` [ RunTime:0.000000s ]
[ sql ] [ SQL ] SELECT COUNT(*) AS tp_count FROM `bo_article` `a` INNER JOIN `bo_category` `c` ON `a`.`cate_id`=`c`.`id` LIMIT 1 [ RunTime:0.001000s ]
[ sql ] [ SQL ] SELECT `a`.`id`,`a`.`title`,`a`.`create_time`,`a`.`author`,`c`.`name` FROM `bo_article` `a` INNER JOIN `bo_category` `c` ON `a`.`cate_id`=`c`.`id` LIMIT 0,3 [ RunTime:0.000000s ]

---------------------------------------------------------------
[ 2017-03-27T09:05:45+08:00 ] 127.0.0.1 127.0.0.1 GET /index.php/admin/article/article_list.html
[ log ] boke.cn/index.php/admin/article/article_list.html [运行时间：0.153008s][吞吐率：6.54req/s] [内存消耗：2,652.50kb] [文件加载：58]
[ info ] [ LANG ] D:\phpStudy\WWW\boke\thinkphp\lang\zh-cn.php
[ info ] [ ROUTE ] array (
  'type' => 'module',
  'module' => 
  array (
    0 => 'admin',
    1 => 'article',
    2 => 'article_list',
  ),
)
[ info ] [ HEADER ] array (
  'cookie' => 'pgv_pvi=6964442112; Hm_lvt_080836300300be57b7f34f4b3e97d911=1490232085,1490318455,1490335152,1490576713; Hm_lpvt_080836300300be57b7f34f4b3e97d911=1490576713',
  'accept-language' => 'zh-CN,zh;q=0.8',
  'accept-encoding' => 'gzip, deflate, sdch',
  'referer' => 'http://boke.cn/index.php/admin',
  'accept' => 'text/html,application/xhtml+xml,application/xml;q=0.9,image/webp,*/*;q=0.8',
  'user-agent' => 'Mozilla/5.0 (Windows NT 6.1; WOW64) AppleWebKit/537.36 (KHTML, like Gecko) Chrome/56.0.2924.87 Safari/537.36',
  'upgrade-insecure-requests' => '1',
  'cache-control' => 'max-age=0',
  'connection' => 'close',
  'host' => 'boke.cn',
)
[ info ] [ PARAM ] array (
)
[ info ] [ RUN ] app\admin\controller\Article->article_list[ D:\phpStudy\WWW\boke\application\admin\controller\Article.php ]
[ info ] [ DB ] INIT mysql
[ info ] [ VIEW ] D:\phpStudy\WWW\boke\public/../application/admin\view\article\article_list.html [ array (
  0 => 'cated',
  1 => 'data',
  2 => 'count',
  3 => 'page',
) ]
[ info ] [ LOG ] INIT File
[ sql ] [ DB ] CONNECT:[ UseTime:0.011000s ] mysql:dbname=tpbo;host=127.0.0.1;port=3306;charset=utf8
[ sql ] [ SQL ] SHOW COLUMNS FROM `bo_category` [ RunTime:0.011001s ]
[ sql ] [ SQL ] SELECT *,concat(path,id) as paths FROM `bo_category` ORDER BY paths desc [ RunTime:0.000000s ]
[ sql ] [ SQL ] SHOW COLUMNS FROM `bo_article` [ RunTime:0.011000s ]
[ sql ] [ SQL ] SELECT count(*) as count FROM `bo_article` [ RunTime:0.001001s ]
[ sql ] [ SQL ] SELECT COUNT(*) AS tp_count FROM `bo_article` `a` INNER JOIN `bo_category` `c` ON `a`.`cate_id`=`c`.`id` LIMIT 1 [ RunTime:0.000000s ]
[ sql ] [ SQL ] SELECT `a`.`id`,`a`.`title`,`a`.`create_time`,`a`.`author`,`c`.`name` FROM `bo_article` `a` INNER JOIN `bo_category` `c` ON `a`.`cate_id`=`c`.`id` LIMIT 0,3 [ RunTime:0.001000s ]

---------------------------------------------------------------
[ 2017-03-27T13:06:27+08:00 ] 127.0.0.1 127.0.0.1 GET /
[ log ] boke.cn/ [运行时间：0.058003s][吞吐率：17.24req/s] [内存消耗：1,267.95kb] [文件加载：38]
[ info ] [ LANG ] D:\phpStudy\WWW\boke\thinkphp\lang\zh-cn.php
[ info ] [ ROUTE ] array (
  'type' => 'module',
  'module' => 
  array (
    0 => '',
    1 => NULL,
    2 => NULL,
  ),
)
[ info ] [ HEADER ] array (
  'cookie' => 'pgv_pvi=6964442112; Hm_lvt_080836300300be57b7f34f4b3e97d911=1490232085,1490318455,1490335152,1490576713; Hm_lpvt_080836300300be57b7f34f4b3e97d911=1490576713',
  'accept-language' => 'zh-CN,zh;q=0.8',
  'accept-encoding' => 'gzip, deflate, sdch',
  'accept' => 'text/html,application/xhtml+xml,application/xml;q=0.9,image/webp,*/*;q=0.8',
  'user-agent' => 'Mozilla/5.0 (Windows NT 6.1; WOW64) AppleWebKit/537.36 (KHTML, like Gecko) Chrome/56.0.2924.87 Safari/537.36',
  'upgrade-insecure-requests' => '1',
  'cache-control' => 'max-age=0',
  'connection' => 'close',
  'host' => 'boke.cn',
)
[ info ] [ PARAM ] array (
)
[ info ] [ RUN ] app\index\controller\Index->index[ D:\phpStudy\WWW\boke\application\index\controller\Index.php ]
[ info ] [ LOG ] INIT File

---------------------------------------------------------------
